[debug] > Exec(early(addDefaultCommands), None, None)
[debug] > Exec(addDefaultCommands, None, None)
[debug] > Exec(early(initialize), None, None)
[debug] > Exec(initialize, None, None)
[debug] > Exec(early(addPluginSbtFile="""C:\Users\Kompuhtar\AppData\Local\Temp\idea13375.sbt"""), None, None)
[debug] > Exec(addPluginSbtFile="""C:\Users\Kompuhtar\AppData\Local\Temp\idea13375.sbt""", None, None)
[debug] > Exec(boot, None, None)
[debug] > Exec(writeSbtVersion, None, None)
[debug] > Exec(reload, None, None)
[debug] > Exec(sbtStashOnFailure, None, None)
[debug] > Exec(onFailure loadFailed, None, None)
[debug] > Exec(loadp, None, None)
[info] welcome to sbt 1.10.0 (Oracle Corporation Java 22.0.1)
[debug] Load.defaultLoad until apply took 61.8108ms
[debug]           Load.loadUnit: plugins took 52.015ms
[debug]           Load.loadUnit: defsScala took 0.1934ms
[debug] [Loading] Scanning directory C:\Users\Kompuhtar\IdeaProjects\untitled\project
[debug]             Load.loadUnit: mkEval took 4.1217ms
[debug] [Loading] Found non-root projects 
[debug] [Loading] Done in C:\Users\Kompuhtar\IdeaProjects\untitled\project, returning: ()
[debug] deducing auto plugins based on known facts Set(Atom(sbt.plugins.CorePlugin)) and clauses Clauses(Clause(Atom(sbt.plugins.JvmPlugin),Set(Atom(sbt.plugins.IvyPlugin)))
[debug] Clause(Atom(sbt.ScriptedPlugin),Set(Atom(sbt.plugins.JvmPlugin)))
[debug] Clause(Atom(sbt.plugins.SbtPlugin),Set(Atom(sbt.ScriptedPlugin)))
[debug] Clause(Atom(sbt.plugins.SemanticdbPlugin),Set(Atom(sbt.plugins.JvmPlugin)))
[debug] Clause(Atom(sbt.plugins.JUnitXmlReportPlugin),Set(Atom(sbt.plugins.JvmPlugin)))
[debug] Clause(Atom(sbt.plugins.MiniDependencyTreePlugin),Set(Atom(sbt.plugins.JvmPlugin)))
[debug] Clause(Atom(sbt.plugins.CorePlugin),Set(Atom(sbt.plugins.IvyPlugin)))
[debug] Clause(Atom(sbt.plugins.IvyPlugin),Set(Atom(sbt.plugins.JvmPlugin)))
[debug] Clause(Atom(sbt.plugins.JvmPlugin),Set(Atom(sbt.plugins.SemanticdbPlugin)))
[debug] Clause(Atom(sbt.plugins.JvmPlugin),Set(Atom(sbt.plugins.JUnitXmlReportPlugin)))
[debug] Clause(Atom(sbt.plugins.CorePlugin),Set(Atom(sbt.plugins.Giter8TemplatePlugin)))
[debug] Clause(Atom(sbt.plugins.JvmPlugin),Set(Atom(sbt.plugins.MiniDependencyTreePlugin))))
[debug]   :: deduced result: Matched(sbt.plugins.CorePlugin,sbt.plugins.Giter8TemplatePlugin,sbt.plugins.IvyPlugin,sbt.plugins.JvmPlugin,sbt.plugins.MiniDependencyTreePlugin,sbt.plugins.JUnitXmlReportPlugin,sbt.plugins.SemanticdbPlugin)
[debug] Plugins.deducer#function took 10.8705 ms
[info] loading settings for project untitled-build from idea13375.sbt ...
[debug]               Load.resolveProject(untitled-build) took 31.0548ms
[debug]             Load.loadTransitive: finalizeProject(Project(id untitled-build, base: C:\Users\Kompuhtar\IdeaProjects\untitled\project, plugins: List(<none>))) took 54.8013ms
[debug] [Loading] Done in C:\Users\Kompuhtar\IdeaProjects\untitled\project, returning: (untitled-build)
[debug]           Load.loadUnit: loadedProjectsRaw took 223.7144ms
[debug]           Load.loadUnit: cleanEvalClasses took 4.9594ms
[debug]         Load.loadUnit(file:/C:/Users/Kompuhtar/IdeaProjects/untitled/project/, ...) took 284.207ms
[debug]       Load.apply: load took 377.0801ms
[debug]       Load.apply: resolveProjects took 3.1011ms
[debug]       Load.apply: finalTransforms took 35.2712ms
[debug]       Load.apply: config.delegates took 4.6041ms
[debug]       Load.apply: Def.make(settings)... took 237.9531ms
[debug]       Load.apply: structureIndex took 57.1724ms
[debug]       Load.apply: mkStreams took 1.2563ms
[info] loading project definition from C:\Users\Kompuhtar\IdeaProjects\untitled\project
[debug] Running task... Cancel: Signal, check cycles: false, forcegc: true
[debug]     Load.loadUnit: plugins took 1218.2177ms
[debug]     Load.loadUnit: defsScala took 0.0028ms
[debug] [Loading] Scanning directory C:\Users\Kompuhtar\IdeaProjects\untitled
[debug]       Load.loadUnit: mkEval took 0.1608ms
[debug] [Loading] Found root project root w/ remaining 
[debug] deducing auto plugins based on known facts Set(Atom(sbt.plugins.CorePlugin)) and clauses Clauses(Clause(Atom(sbt.plugins.JvmPlugin),Set(Atom(sbt.plugins.IvyPlugin)))
[debug] Clause(Atom(sbt.ScriptedPlugin),Set(Atom(sbt.plugins.JvmPlugin)))
[debug] Clause(Atom(sbt.plugins.SbtPlugin),Set(Atom(sbt.ScriptedPlugin)))
[debug] Clause(Atom(sbt.plugins.SemanticdbPlugin),Set(Atom(sbt.plugins.JvmPlugin)))
[debug] Clause(Atom(sbt.plugins.JUnitXmlReportPlugin),Set(Atom(sbt.plugins.JvmPlugin)))
[debug] Clause(Atom(sbt.plugins.MiniDependencyTreePlugin),Set(Atom(sbt.plugins.JvmPlugin)))
[debug] Clause(Atom(org.jetbrains.sbt.StructurePlugin),Set(Atom(sbt.plugins.JvmPlugin)))
[debug] Clause(Atom(org.jetbrains.sbt.IdeaShellPlugin),Set(Atom(sbt.plugins.JvmPlugin)))
[debug] Clause(Atom(org.jetbrains.sbt.indices.SbtIntellijIndicesPlugin),Set(Atom(sbt.plugins.JvmPlugin)))
[debug] Clause(Atom(sbt.plugins.CorePlugin),Set(Atom(sbt.plugins.IvyPlugin)))
[debug] Clause(Atom(sbt.plugins.IvyPlugin),Set(Atom(sbt.plugins.JvmPlugin)))
[debug] Clause(Atom(sbt.plugins.JvmPlugin),Set(Atom(sbt.plugins.SemanticdbPlugin)))
[debug] Clause(Atom(sbt.plugins.JvmPlugin),Set(Atom(sbt.plugins.JUnitXmlReportPlugin)))
[debug] Clause(Atom(sbt.plugins.CorePlugin),Set(Atom(sbt.plugins.Giter8TemplatePlugin)))
[debug] Clause(Atom(sbt.plugins.JvmPlugin),Set(Atom(sbt.plugins.MiniDependencyTreePlugin)))
[debug] Clause(Atom(sbt.plugins.JvmPlugin),Set(Atom(org.jetbrains.sbt.StructurePlugin)))
[debug] Clause(Atom(sbt.plugins.JvmPlugin),Set(Atom(org.jetbrains.sbt.IdeaShellPlugin)))
[debug] Clause(And(Set(Atom(sbt.plugins.CorePlugin), Atom(sbt.plugins.JvmPlugin))),Set(Atom(org.jetbrains.sbt.indices.SbtIntellijIndicesPlugin))))
[debug]   :: deduced result: Matched(sbt.plugins.CorePlugin,sbt.plugins.Giter8TemplatePlugin,sbt.plugins.IvyPlugin,sbt.plugins.JvmPlugin,sbt.plugins.SemanticdbPlugin,org.jetbrains.sbt.indices.SbtIntellijIndicesPlugin,sbt.plugins.JUnitXmlReportPlugin,org.jetbrains.sbt.IdeaShellPlugin,org.jetbrains.sbt.StructurePlugin,sbt.plugins.MiniDependencyTreePlugin)
[debug] Plugins.deducer#function took 1.4 ms
[info] loading settings for project root from build.sbt ...
[debug]         Load.resolveProject(root) took 16.046ms
[debug]       Load.loadTransitive: finalizeProject(Project(id root, base: C:\Users\Kompuhtar\IdeaProjects\untitled, plugins: List(<none>))) took 18.336ms
[debug] [Loading] Done in C:\Users\Kompuhtar\IdeaProjects\untitled, returning: (root)
[debug]     Load.loadUnit: loadedProjectsRaw took 61.9201ms
[debug]     Load.loadUnit: cleanEvalClasses took 6.3174ms
[debug]   Load.loadUnit(file:/C:/Users/Kompuhtar/IdeaProjects/untitled/, ...) took 1287.4629ms
[debug] Load.apply: load took 1298.6268ms
[debug] Load.apply: resolveProjects took 0.0793ms
[debug] Load.apply: finalTransforms took 18.967ms
[debug] Load.apply: config.delegates took 0.2531ms
[debug] Load.apply: Def.make(settings)... took 44.0173ms
[debug] Load.apply: structureIndex took 17.387ms
[debug] Load.apply: mkStreams took 0.0028ms
[info] set current project to untitled (in build file:/C:/Users/Kompuhtar/IdeaProjects/untitled/)
[debug] > Exec(sbtPopOnFailure, None, None)
[debug] > Exec(resumeFromFailure, None, None)
[debug] > Exec(notifyUsersAboutShell, None, None)
[debug] > Exec(iflast shell, None, None)
[debug] > Exec(; set ideaPort in Global := 63464 ; idea-shell, None, None)
[debug] > Exec(set ideaPort in Global := 63464, None, None)
[info] Defining Global / ideaPort
[info] The new value will be used by Compile / compile, Test / compile
[debug] Defining 
[debug] 	Global / ideaPort
[debug] 
[debug] The new value will be used by 
[debug] 	Compile / compile
[debug] 	Test / compile
[info] Reapplying settings...
[info] set current project to untitled (in build file:/C:/Users/Kompuhtar/IdeaProjects/untitled/)
[debug] > Exec(idea-shell, None, None)
