[debug] > Exec(early(addDefaultCommands), None, None)
[debug] > Exec(addDefaultCommands, None, None)
[debug] > Exec(early(initialize), None, None)
[debug] > Exec(initialize, None, None)
[debug] > Exec(early(addPluginSbtFile="""C:\Users\Kompuhtar\AppData\Local\Temp\idea7.sbt"""), None, None)
[debug] > Exec(addPluginSbtFile="""C:\Users\Kompuhtar\AppData\Local\Temp\idea7.sbt""", None, None)
[debug] > Exec(boot, None, None)
[debug] > Exec(writeSbtVersion, None, None)
[debug] > Exec(reload, None, None)
[debug] > Exec(sbtStashOnFailure, None, None)
[debug] > Exec(onFailure loadFailed, None, None)
[debug] > Exec(loadp, None, None)
[info] welcome to sbt 1.10.0 (Oracle Corporation Java 22.0.1)
[debug] Load.defaultLoad until apply took 56.7416ms
[debug]           Load.loadUnit: plugins took 53.2139ms
[debug]           Load.loadUnit: defsScala took 0.229ms
[debug] [Loading] Scanning directory C:\Users\Kompuhtar\IdeaProjects\untitled\project
[debug]             Load.loadUnit: mkEval took 3.5059ms
[debug] [Loading] Found non-root projects 
[debug] [Loading] Done in C:\Users\Kompuhtar\IdeaProjects\untitled\project, returning: ()
[debug] deducing auto plugins based on known facts Set(Atom(sbt.plugins.CorePlugin)) and clauses Clauses(Clause(Atom(sbt.plugins.JvmPlugin),Set(Atom(sbt.plugins.IvyPlugin)))
[debug] Clause(Atom(sbt.ScriptedPlugin),Set(Atom(sbt.plugins.JvmPlugin)))
[debug] Clause(Atom(sbt.plugins.SbtPlugin),Set(Atom(sbt.ScriptedPlugin)))
[debug] Clause(Atom(sbt.plugins.SemanticdbPlugin),Set(Atom(sbt.plugins.JvmPlugin)))
[debug] Clause(Atom(sbt.plugins.JUnitXmlReportPlugin),Set(Atom(sbt.plugins.JvmPlugin)))
[debug] Clause(Atom(sbt.plugins.MiniDependencyTreePlugin),Set(Atom(sbt.plugins.JvmPlugin)))
[debug] Clause(Atom(sbt.plugins.CorePlugin),Set(Atom(sbt.plugins.IvyPlugin)))
[debug] Clause(Atom(sbt.plugins.IvyPlugin),Set(Atom(sbt.plugins.JvmPlugin)))
[debug] Clause(Atom(sbt.plugins.JvmPlugin),Set(Atom(sbt.plugins.SemanticdbPlugin)))
[debug] Clause(Atom(sbt.plugins.JvmPlugin),Set(Atom(sbt.plugins.JUnitXmlReportPlugin)))
[debug] Clause(Atom(sbt.plugins.CorePlugin),Set(Atom(sbt.plugins.Giter8TemplatePlugin)))
[debug] Clause(Atom(sbt.plugins.JvmPlugin),Set(Atom(sbt.plugins.MiniDependencyTreePlugin))))
[debug]   :: deduced result: Matched(sbt.plugins.CorePlugin,sbt.plugins.Giter8TemplatePlugin,sbt.plugins.IvyPlugin,sbt.plugins.JvmPlugin,sbt.plugins.MiniDependencyTreePlugin,sbt.plugins.JUnitXmlReportPlugin,sbt.plugins.SemanticdbPlugin)
[debug] Plugins.deducer#function took 9.972 ms
[info] loading settings for project untitled-build from idea7.sbt ...
[debug]               Load.resolveProject(untitled-build) took 25.8147ms
[debug]             Load.loadTransitive: finalizeProject(Project(id untitled-build, base: C:\Users\Kompuhtar\IdeaProjects\untitled\project, plugins: List(<none>))) took 48.7244ms
[debug] [Loading] Done in C:\Users\Kompuhtar\IdeaProjects\untitled\project, returning: (untitled-build)
[debug]           Load.loadUnit: loadedProjectsRaw took 194.8166ms
[debug]           Load.loadUnit: cleanEvalClasses took 5.0255ms
[debug]         Load.loadUnit(file:/C:/Users/Kompuhtar/IdeaProjects/untitled/project/, ...) took 256.6734ms
[debug]       Load.apply: load took 346.1537ms
[debug]       Load.apply: resolveProjects took 3.5623ms
[debug]       Load.apply: finalTransforms took 33.2654ms
[debug]       Load.apply: config.delegates took 4.6424ms
[debug]       Load.apply: Def.make(settings)... took 231.9174ms
[debug]       Load.apply: structureIndex took 59.2119ms
[debug]       Load.apply: mkStreams took 0.8389ms
[info] loading project definition from C:\Users\Kompuhtar\IdeaProjects\untitled\project
[debug] Running task... Cancel: Signal, check cycles: false, forcegc: true
[debug]     Load.loadUnit: plugins took 1179.6157ms
[debug]     Load.loadUnit: defsScala took 0.0023ms
[debug] [Loading] Scanning directory C:\Users\Kompuhtar\IdeaProjects\untitled
[debug]       Load.loadUnit: mkEval took 0.1569ms
[debug] [Loading] Found root project root w/ remaining 
[debug] deducing auto plugins based on known facts Set(Atom(sbt.plugins.CorePlugin)) and clauses Clauses(Clause(Atom(sbt.plugins.JvmPlugin),Set(Atom(sbt.plugins.IvyPlugin)))
[debug] Clause(Atom(sbt.ScriptedPlugin),Set(Atom(sbt.plugins.JvmPlugin)))
[debug] Clause(Atom(sbt.plugins.SbtPlugin),Set(Atom(sbt.ScriptedPlugin)))
[debug] Clause(Atom(sbt.plugins.SemanticdbPlugin),Set(Atom(sbt.plugins.JvmPlugin)))
[debug] Clause(Atom(sbt.plugins.JUnitXmlReportPlugin),Set(Atom(sbt.plugins.JvmPlugin)))
[debug] Clause(Atom(sbt.plugins.MiniDependencyTreePlugin),Set(Atom(sbt.plugins.JvmPlugin)))
[debug] Clause(Atom(org.jetbrains.sbt.StructurePlugin),Set(Atom(sbt.plugins.JvmPlugin)))
[debug] Clause(Atom(org.jetbrains.sbt.IdeaShellPlugin),Set(Atom(sbt.plugins.JvmPlugin)))
[debug] Clause(Atom(org.jetbrains.sbt.indices.SbtIntellijIndicesPlugin),Set(Atom(sbt.plugins.JvmPlugin)))
[debug] Clause(Atom(sbt.plugins.CorePlugin),Set(Atom(sbt.plugins.IvyPlugin)))
[debug] Clause(Atom(sbt.plugins.IvyPlugin),Set(Atom(sbt.plugins.JvmPlugin)))
[debug] Clause(Atom(sbt.plugins.JvmPlugin),Set(Atom(sbt.plugins.SemanticdbPlugin)))
[debug] Clause(Atom(sbt.plugins.JvmPlugin),Set(Atom(sbt.plugins.JUnitXmlReportPlugin)))
[debug] Clause(Atom(sbt.plugins.CorePlugin),Set(Atom(sbt.plugins.Giter8TemplatePlugin)))
[debug] Clause(Atom(sbt.plugins.JvmPlugin),Set(Atom(sbt.plugins.MiniDependencyTreePlugin)))
[debug] Clause(Atom(sbt.plugins.JvmPlugin),Set(Atom(org.jetbrains.sbt.StructurePlugin)))
[debug] Clause(Atom(sbt.plugins.JvmPlugin),Set(Atom(org.jetbrains.sbt.IdeaShellPlugin)))
[debug] Clause(And(Set(Atom(sbt.plugins.CorePlugin), Atom(sbt.plugins.JvmPlugin))),Set(Atom(org.jetbrains.sbt.indices.SbtIntellijIndicesPlugin))))
[debug]   :: deduced result: Matched(sbt.plugins.CorePlugin,sbt.plugins.Giter8TemplatePlugin,sbt.plugins.IvyPlugin,sbt.plugins.JvmPlugin,sbt.plugins.SemanticdbPlugin,org.jetbrains.sbt.indices.SbtIntellijIndicesPlugin,sbt.plugins.JUnitXmlReportPlugin,org.jetbrains.sbt.IdeaShellPlugin,org.jetbrains.sbt.StructurePlugin,sbt.plugins.MiniDependencyTreePlugin)
[debug] Plugins.deducer#function took 1.6131 ms
[info] loading settings for project root from build.sbt ...
[debug]         Load.resolveProject(root) took 17.7531ms
[debug]       Load.loadTransitive: finalizeProject(Project(id root, base: C:\Users\Kompuhtar\IdeaProjects\untitled, plugins: List(<none>))) took 20.2559ms
[debug] [Loading] Done in C:\Users\Kompuhtar\IdeaProjects\untitled, returning: (root)
[debug]     Load.loadUnit: loadedProjectsRaw took 81.2229ms
[debug]     Load.loadUnit: cleanEvalClasses took 8.6393ms
[debug]   Load.loadUnit(file:/C:/Users/Kompuhtar/IdeaProjects/untitled/, ...) took 1270.5291ms
[debug] Load.apply: load took 1282.428ms
[debug] Load.apply: resolveProjects took 0.0769ms
[debug] Load.apply: finalTransforms took 17.9657ms
[debug] Load.apply: config.delegates took 0.2654ms
[debug] Load.apply: Def.make(settings)... took 45.7277ms
[debug] Load.apply: structureIndex took 17.6563ms
[debug] Load.apply: mkStreams took 0.0021ms
[info] set current project to untitled (in build file:/C:/Users/Kompuhtar/IdeaProjects/untitled/)
[debug] > Exec(sbtPopOnFailure, None, None)
[debug] > Exec(resumeFromFailure, None, None)
[debug] > Exec(notifyUsersAboutShell, None, None)
[debug] > Exec(iflast shell, None, None)
[debug] > Exec(; set ideaPort in Global := 56160 ; idea-shell, None, None)
[debug] > Exec(set ideaPort in Global := 56160, None, None)
[info] Defining Global / ideaPort
[info] The new value will be used by Compile / compile, Test / compile
[debug] Defining 
[debug] 	Global / ideaPort
[debug] 
[debug] The new value will be used by 
[debug] 	Compile / compile
[debug] 	Test / compile
[info] Reapplying settings...
[info] set current project to untitled (in build file:/C:/Users/Kompuhtar/IdeaProjects/untitled/)
[debug] > Exec(idea-shell, None, None)
